<?xml version="1.0" encoding="UTF-8"?>
<testsuite xmlns:xsi="http://www.w3.org/2001/XMLSchema-instance" xsi:noNamespaceSchemaLocation="https://maven.apache.org/surefire/maven-surefire-plugin/xsd/surefire-test-report.xsd" version="3.0.2" name="com.asr.auth.AuthServiceIntegrationTest" time="7.46" tests="2" errors="0" skipped="0" failures="0">
  <properties>
[...]
</properties>
  <testcase name="testSwaggerUiLoads" classname="com.asr.auth.AuthServiceIntegrationTest" time="0.548">
    <system-out><![CDATA[02:37:10.106 [main] INFO org.springframework.test.context.support.AnnotationConfigContextLoaderUtils -- Could not detect default configuration classes for test class [com.asr.auth.AuthServiceIntegrationTest]: AuthServiceIntegrationTest does not declare any static, non-private, non-final, nested classes annotated with @Configuration.
02:37:10.168 [main] INFO org.springframework.boot.test.context.SpringBootTestContextBootstrapper -- Found @SpringBootConfiguration com.asr.auth.AuthServiceApplication for test class com.asr.auth.AuthServiceIntegrationTest
02:37:10.225 [main] INFO org.testcontainers.images.PullPolicy -- Image pull policy will be performed by: DefaultPullPolicy()
02:37:10.226 [main] INFO org.testcontainers.utility.ImageNameSubstitutor -- Image name substitution will be performed by: DefaultImageNameSubstitutor (composite of 'ConfigurationFileImageNameSubstitutor' and 'PrefixingImageNameSubstitutor')
02:37:10.245 [main] INFO org.testcontainers.DockerClientFactory -- Testcontainers version: 1.20.1
02:37:10.545 [main] INFO org.testcontainers.dockerclient.DockerClientProviderStrategy -- Found Docker environment with Environment variables, system properties and defaults. Resolved dockerHost=unix:///var/run/docker.sock
02:37:10.546 [main] INFO org.testcontainers.DockerClientFactory -- Docker host IP address is localhost
02:37:10.569 [main] INFO org.testcontainers.DockerClientFactory -- Connected to docker: 
  Server Version: 28.3.2
  API Version: 1.51
  Operating System: Docker Desktop
  Total Memory: 7837 MB
02:37:10.768 [main] INFO tc.testcontainers/ryuk:0.8.1 -- Creating container for image: testcontainers/ryuk:0.8.1
02:37:10.983 [main] INFO org.testcontainers.utility.RegistryAuthLocator -- Credential helper/store (docker-credential-desktop) does not have credentials for https://index.docker.io/v1/
02:37:11.063 [main] INFO tc.testcontainers/ryuk:0.8.1 -- Container testcontainers/ryuk:0.8.1 is starting: ee31669c124674dd1e319b8d317c0bf637d8f170d7b9087451b7454132ba5caf
02:37:11.345 [main] INFO tc.testcontainers/ryuk:0.8.1 -- Container testcontainers/ryuk:0.8.1 started in PT0.576662S
02:37:11.361 [main] INFO org.testcontainers.utility.RyukResourceReaper -- Ryuk started - will monitor and terminate Testcontainers containers on JVM exit
02:37:11.361 [main] INFO org.testcontainers.DockerClientFactory -- Checking the system...
02:37:11.361 [main] INFO org.testcontainers.DockerClientFactory -- ✔︎ Docker server version should be at least 1.6.0
02:37:11.361 [main] INFO tc.postgres:16 -- Creating container for image: postgres:16
02:37:11.405 [main] INFO tc.postgres:16 -- Container postgres:16 is starting: fa574b83e765fb6ba34af5193c0160ea17eeb4e8977a346c57af470dc3da5aa6
02:37:12.870 [main] INFO tc.postgres:16 -- Container postgres:16 started in PT1.507685S
02:37:12.878 [main] INFO tc.postgres:16 -- Container is started (JDBC URL: jdbc:postgresql://localhost:58646/testdb?loggerLevel=OFF)

  .   ____          _            __ _ _
 /\\ / ___'_ __ _ _(_)_ __  __ _ \ \ \ \
( ( )\___ | '_ | '_| | '_ \/ _` | \ \ \ \
 \\/  ___)| |_)| | | | | || (_| |  ) ) ) )
  '  |____| .__|_| |_|_| |_\__, | / / / /
 =========|_|==============|___/=/_/_/_/

 :: Spring Boot ::                (v3.4.0)

2026-06-27T02:37:13.183+05:30  INFO 31145 --- [auth-service] [           main] c.asr.auth.AuthServiceIntegrationTest    : Starting AuthServiceIntegrationTest using Java 21.0.7 with PID 31145 (started by avinashrana in /Users/avinashrana/Desktop/System Design Project/keycloak-app/auth-service)
2026-06-27T02:37:13.184+05:30 DEBUG 31145 --- [auth-service] [           main] c.asr.auth.AuthServiceIntegrationTest    : Running with Spring Boot v3.4.0, Spring v6.2.0
2026-06-27T02:37:13.185+05:30  INFO 31145 --- [auth-service] [           main] c.asr.auth.AuthServiceIntegrationTest    : No active profile set, falling back to 1 default profile: "default"
2026-06-27T02:37:13.602+05:30  INFO 31145 --- [auth-service] [           main] .s.d.r.c.RepositoryConfigurationDelegate : Multiple Spring Data modules found, entering strict repository configuration mode
2026-06-27T02:37:13.603+05:30  INFO 31145 --- [auth-service] [           main] .s.d.r.c.RepositoryConfigurationDelegate : Bootstrapping Spring Data JPA repositories in DEFAULT mode.
2026-06-27T02:37:13.672+05:30  INFO 31145 --- [auth-service] [           main] .s.d.r.c.RepositoryConfigurationDelegate : Finished Spring Data repository scanning in 63 ms. Found 6 JPA repository interfaces.
2026-06-27T02:37:13.679+05:30  INFO 31145 --- [auth-service] [           main] .s.d.r.c.RepositoryConfigurationDelegate : Multiple Spring Data modules found, entering strict repository configuration mode
2026-06-27T02:37:13.679+05:30  INFO 31145 --- [auth-service] [           main] .s.d.r.c.RepositoryConfigurationDelegate : Bootstrapping Spring Data Redis repositories in DEFAULT mode.
2026-06-27T02:37:13.687+05:30  INFO 31145 --- [auth-service] [           main] .RepositoryConfigurationExtensionSupport : Spring Data Redis - Could not safely identify store assignment for repository candidate interface com.asr.auth.repository.ApiMasterRepository; If you want this repository to be a Redis repository, consider annotating your entities with one of these annotations: org.springframework.data.redis.core.RedisHash (preferred), or consider extending one of the following types with your repository: org.springframework.data.keyvalue.repository.KeyValueRepository
2026-06-27T02:37:13.687+05:30  INFO 31145 --- [auth-service] [           main] .RepositoryConfigurationExtensionSupport : Spring Data Redis - Could not safely identify store assignment for repository candidate interface com.asr.auth.repository.AppUserRepository; If you want this repository to be a Redis repository, consider annotating your entities with one of these annotations: org.springframework.data.redis.core.RedisHash (preferred), or consider extending one of the following types with your repository: org.springframework.data.keyvalue.repository.KeyValueRepository
2026-06-27T02:37:13.687+05:30  INFO 31145 --- [auth-service] [           main] .RepositoryConfigurationExtensionSupport : Spring Data Redis - Could not safely identify store assignment for repository candidate interface com.asr.auth.repository.AuditLogRepository; If you want this repository to be a Redis repository, consider annotating your entities with one of these annotations: org.springframework.data.redis.core.RedisHash (preferred), or consider extending one of the following types with your repository: org.springframework.data.keyvalue.repository.KeyValueRepository
2026-06-27T02:37:13.687+05:30  INFO 31145 --- [auth-service] [           main] .RepositoryConfigurationExtensionSupport : Spring Data Redis - Could not safely identify store assignment for repository candidate interface com.asr.auth.repository.RegisteredDeviceRepository; If you want this repository to be a Redis repository, consider annotating your entities with one of these annotations: org.springframework.data.redis.core.RedisHash (preferred), or consider extending one of the following types with your repository: org.springframework.data.keyvalue.repository.KeyValueRepository
2026-06-27T02:37:13.688+05:30  INFO 31145 --- [auth-service] [           main] .RepositoryConfigurationExtensionSupport : Spring Data Redis - Could not safely identify store assignment for repository candidate interface com.asr.auth.repository.RoleApiMappingRepository; If you want this repository to be a Redis repository, consider annotating your entities with one of these annotations: org.springframework.data.redis.core.RedisHash (preferred), or consider extending one of the following types with your repository: org.springframework.data.keyvalue.repository.KeyValueRepository
2026-06-27T02:37:13.688+05:30  INFO 31145 --- [auth-service] [           main] .RepositoryConfigurationExtensionSupport : Spring Data Redis - Could not safely identify store assignment for repository candidate interface com.asr.auth.repository.UserSessionRepository; If you want this repository to be a Redis repository, consider annotating your entities with one of these annotations: org.springframework.data.redis.core.RedisHash (preferred), or consider extending one of the following types with your repository: org.springframework.data.keyvalue.repository.KeyValueRepository
2026-06-27T02:37:13.688+05:30  INFO 31145 --- [auth-service] [           main] .s.d.r.c.RepositoryConfigurationDelegate : Finished Spring Data repository scanning in 4 ms. Found 0 Redis repository interfaces.
2026-06-27T02:37:14.016+05:30  INFO 31145 --- [auth-service] [           main] o.s.b.w.embedded.tomcat.TomcatWebServer  : Tomcat initialized with port 0 (http)
2026-06-27T02:37:14.022+05:30  INFO 31145 --- [auth-service] [           main] o.apache.catalina.core.StandardService   : Starting service [Tomcat]
2026-06-27T02:37:14.022+05:30  INFO 31145 --- [auth-service] [           main] o.apache.catalina.core.StandardEngine    : Starting Servlet engine: [Apache Tomcat/10.1.33]
2026-06-27T02:37:14.046+05:30  INFO 31145 --- [auth-service] [           main] o.a.c.c.C.[Tomcat].[localhost].[/]       : Initializing Spring embedded WebApplicationContext
2026-06-27T02:37:14.047+05:30  INFO 31145 --- [auth-service] [           main] w.s.c.ServletWebServerApplicationContext : Root WebApplicationContext: initialization completed in 850 ms
2026-06-27T02:37:14.270+05:30  INFO 31145 --- [auth-service] [           main] com.zaxxer.hikari.HikariDataSource       : HikariPool-1 - Starting...
2026-06-27T02:37:14.383+05:30  INFO 31145 --- [auth-service] [           main] com.zaxxer.hikari.pool.HikariPool        : HikariPool-1 - Added connection org.postgresql.jdbc.PgConnection@a319a2e
2026-06-27T02:37:14.387+05:30  INFO 31145 --- [auth-service] [           main] com.zaxxer.hikari.HikariDataSource       : HikariPool-1 - Start completed.
2026-06-27T02:37:14.402+05:30  INFO 31145 --- [auth-service] [           main] org.flywaydb.core.FlywayExecutor         : Database: jdbc:postgresql://localhost:58646/testdb?loggerLevel=OFF (PostgreSQL 16.14)
2026-06-27T02:37:14.422+05:30  INFO 31145 --- [auth-service] [           main] o.f.c.i.s.JdbcTableSchemaHistory         : Schema history table "public"."flyway_schema_history" does not exist yet
2026-06-27T02:37:14.424+05:30  INFO 31145 --- [auth-service] [           main] o.f.core.internal.command.DbValidate     : Successfully validated 1 migration (execution time 00:00.007s)
2026-06-27T02:37:14.434+05:30  INFO 31145 --- [auth-service] [           main] o.f.c.i.s.JdbcTableSchemaHistory         : Creating Schema History table "public"."flyway_schema_history" ...
2026-06-27T02:37:14.494+05:30  INFO 31145 --- [auth-service] [           main] o.f.core.internal.command.DbMigrate      : Current version of schema "public": << Empty Schema >>
2026-06-27T02:37:14.500+05:30  INFO 31145 --- [auth-service] [           main] o.f.core.internal.command.DbMigrate      : Migrating schema "public" to version "1 - init"
2026-06-27T02:37:14.526+05:30  INFO 31145 --- [auth-service] [           main] o.f.core.internal.command.DbMigrate      : Successfully applied 1 migration to schema "public", now at version v1 (execution time 00:00.017s)
2026-06-27T02:37:14.566+05:30  INFO 31145 --- [auth-service] [           main] o.hibernate.jpa.internal.util.LogHelper  : HHH000204: Processing PersistenceUnitInfo [name: default]
2026-06-27T02:37:14.591+05:30  INFO 31145 --- [auth-service] [           main] org.hibernate.Version                    : HHH000412: Hibernate ORM core version 6.6.2.Final
2026-06-27T02:37:14.604+05:30  INFO 31145 --- [auth-service] [           main] o.h.c.internal.RegionFactoryInitiator    : HHH000026: Second-level cache disabled
2026-06-27T02:37:14.716+05:30  INFO 31145 --- [auth-service] [           main] o.s.o.j.p.SpringPersistenceUnitInfo      : No LoadTimeWeaver setup: ignoring JPA class transformer
2026-06-27T02:37:14.753+05:30  INFO 31145 --- [auth-service] [           main] org.hibernate.orm.connections.pooling    : HHH10001005: Database info:
	Database JDBC URL [Connecting through datasource 'HikariDataSource (HikariPool-1)']
	Database driver: undefined/unknown
	Database version: 16.14
	Autocommit mode: undefined/unknown
	Isolation level: undefined/unknown
	Minimum pool size: undefined/unknown
	Maximum pool size: undefined/unknown
2026-06-27T02:37:15.392+05:30  INFO 31145 --- [auth-service] [           main] o.h.e.t.j.p.i.JtaPlatformInitiator       : HHH000489: No JTA platform available (set 'hibernate.transaction.jta.platform' to enable JTA platform integration)
Hibernate: 
    alter table if exists app_user 
       alter column mobile set data type varchar(255)
Hibernate: 
    alter table if exists app_user 
       alter column status set data type varchar(255)
Hibernate: 
    alter table if exists registered_device 
       alter column status set data type varchar(255)
2026-06-27T02:37:15.486+05:30  INFO 31145 --- [auth-service] [           main] j.LocalContainerEntityManagerFactoryBean : Initialized JPA EntityManagerFactory for persistence unit 'default'
2026-06-27T02:37:15.670+05:30 DEBUG 31145 --- [auth-service] [           main] c.a.a.s.DynamicAuthorizationFilter       : Filter 'dynamicAuthorizationFilter' configured for use
2026-06-27T02:37:15.671+05:30 DEBUG 31145 --- [auth-service] [           main] com.asr.auth.filter.LoggingFilter        : Filter 'loggingFilter' configured for use
2026-06-27T02:37:16.031+05:30  WARN 31145 --- [auth-service] [           main] JpaBaseConfiguration$JpaWebConfiguration : spring.jpa.open-in-view is enabled by default. Therefore, database queries may be performed during view rendering. Explicitly configure spring.jpa.open-in-view to disable this warning
2026-06-27T02:37:16.044+05:30 DEBUG 31145 --- [auth-service] [           main] swordEncoderAuthenticationManagerBuilder : No authenticationProviders and no parentAuthenticationManager defined. Returning null.
2026-06-27T02:37:16.304+05:30 DEBUG 31145 --- [auth-service] [           main] o.s.s.web.DefaultSecurityFilterChain     : Will secure any request with filters: DisableEncodeUrlFilter, WebAsyncManagerIntegrationFilter, SecurityContextHolderFilter, HeaderWriterFilter, LogoutFilter, DynamicAuthorizationFilter, BearerTokenAuthenticationFilter, RequestCacheAwareFilter, SecurityContextHolderAwareRequestFilter, AnonymousAuthenticationFilter, SessionManagementFilter, ExceptionTranslationFilter, AuthorizationFilter
2026-06-27T02:37:16.589+05:30  INFO 31145 --- [auth-service] [           main] o.s.b.w.embedded.tomcat.TomcatWebServer  : Tomcat started on port 58658 (http) with context path '/'
2026-06-27T02:37:16.597+05:30  INFO 31145 --- [auth-service] [           main] c.asr.auth.AuthServiceIntegrationTest    : Started AuthServiceIntegrationTest in 3.671 seconds (process running for 6.938)
2026-06-27T02:37:16.957+05:30  INFO 31145 --- [auth-service] [o-auto-1-exec-1] o.a.c.c.C.[Tomcat].[localhost].[/]       : Initializing Spring DispatcherServlet 'dispatcherServlet'
2026-06-27T02:37:16.957+05:30  INFO 31145 --- [auth-service] [o-auto-1-exec-1] o.s.web.servlet.DispatcherServlet        : Initializing Servlet 'dispatcherServlet'
2026-06-27T02:37:16.958+05:30  INFO 31145 --- [auth-service] [o-auto-1-exec-1] o.s.web.servlet.DispatcherServlet        : Completed initialization in 1 ms
2026-06-27T02:37:16.963+05:30 DEBUG 31145 --- [auth-service] [o-auto-1-exec-1] o.s.security.web.FilterChainProxy        : Securing GET /v3/api-docs
2026-06-27T02:37:16.965+05:30 DEBUG 31145 --- [auth-service] [o-auto-1-exec-1] o.s.s.w.a.AnonymousAuthenticationFilter  : Set SecurityContextHolder to anonymous SecurityContext
2026-06-27T02:37:16.965+05:30 DEBUG 31145 --- [auth-service] [o-auto-1-exec-1] o.s.security.web.FilterChainProxy        : Secured GET /v3/api-docs
2026-06-27T02:37:17.122+05:30  INFO 31145 --- [auth-service] [o-auto-1-exec-1] o.springdoc.api.AbstractOpenApiResource  : Init duration for springdoc-openapi is: 144 ms
2026-06-27T02:37:17.133+05:30  INFO 31145 --- [auth-service] [o-auto-1-exec-1] com.asr.auth.filter.LoggingFilter        : [93e3ac45-30f8-4ff4-a530-0c6c12d26d17] REQUEST: GET /v3/api-docs | Client IP: 127.0.0.1 | Payload: [Empty]
2026-06-27T02:37:17.133+05:30  INFO 31145 --- [auth-service] [o-auto-1-exec-1] com.asr.auth.filter.LoggingFilter        : [93e3ac45-30f8-4ff4-a530-0c6c12d26d17] RESPONSE: Status 200 | Duration: 167ms | Payload: {"openapi":"3.0.1","info":{"title":"Auth Service API","description":"Authentication and Authorization Service Documentation","version":"v1.0.0"},"servers":[{"url":"http://localhost:58658","description":"Generated server url"}],"security":[{"bearerAuth":[]}],"paths":{"/api/v1/session/logout/all":{"post":{"tags":["session-controller"],"operationId":"logoutAll","responses":{"200":{"description":"OK","content":{"*/*":{"schema":{"$ref":"#/components/schemas/ApiResponseVoid"}}}}}}},"/api/v1/auth/register":{"post":{"tags":["auth-controller"],"operationId":"register","requestBody":{"content":{"application/json":{"schema":{"$ref":"#/components/schemas/RegisterRequest"}}},"required":true},"responses":{"200":{"description":"OK","content":{"*/*":{"schema":{"$ref":"#/components/schemas/ApiResponseVoid"}}}}}}},"/api/v1/auth/login":{"post":{"tags":["auth-controller"],"operationId":"login","requestBody":{"content":{"application/json":{"schema":{"$ref":"#/components/schemas/LoginRequest"}}},"required":true},"responses":{"200":{"description":"OK","content":{"*/*":{"schema":{"$ref":"#/components/schemas/ApiResponseAuthResponse"}}}}}}},"/api/v1/auth/device/verify":{"post":{"tags":["auth-controller"],"operationId":"verifyDevice","requestBody":{"content":{"application/json":{"schema":{"$ref":"#/components/schemas/DeviceVerificationRequest"}}},"required":true},"responses":{"200":{"description":"OK","content":{"*/*":{"schema":{"$ref":"#/components/schemas/ApiResponseVoid"}}}}}}},"/api/v1/admin/roles/assign-api":{"post":{"tags":["role-api-controller"],"operationId":"assignApiToRole","requestBody":{"content":{"application/json":{"schema":{"$ref":"#/components/schemas/ApiMappingRequest"}}},"required":true},"responses":{"200":{"description":"OK","content":{"*/*":{"schema":{"$ref":"#/components/schemas/ApiResponseRoleApiMapping"}}}}}}},"/api/v1/admin/roles/api-master":{"get":{"tags":["role-api-controller"],"operationId":"getAllApis","responses":{"200":{"description":"OK","content":{"*/*":{"schema":{"$ref":"#/components/schemas/ApiResponseListApiMaster"}}}}}},"post":{"tags":["role-api-controller"],"operationId":"registerApi","requestBody":{"content":{"application/json":{"schema":{"$ref":"#/components/schemas/ApiMasterRequest"}}},"required":true},"responses":{"200":{"description":"OK","content":{"*/*":{"schema":{"$ref":"#/components/schemas/ApiResponseApiMaster"}}}}}}},"/api/v1/user/profile":{"get":{"tags":["user-controller"],"operationId":"getProfile","responses":{"200":{"description":"OK","content":{"*/*":{"schema":{"$ref":"#/components/schemas/ApiResponseAppUser"}}}}}}},"/api/v1/devices":{"get":{"tags":["device-controller"],"operationId":"getMyDevices","responses":{"200":{"description":"OK","content":{"*/*":{"schema":{"$ref":"#/components/schemas/ApiResponseListRegisteredDevice"}}}}}}},"/api/v1/admin/roles/{roleName}/apis":{"get":{"tags":["role-api-controller"],"operationId":"getRoleApis","parameters":[{"name":"roleName","in":"path","required":true,"schema":{"type":"string"}}],"responses":{"200":{"description":"OK","content":{"*/*":{"schema":{"$ref":"#/components/schemas/ApiResponseListRoleApiMapping"}}}}}}},"/api/v1/admin/dashboard":{"get":{"tags":["admin-controller"],"operationId":"getDashboard","responses":{"200":{"description":"OK","content":{"*/*":{"schema":{"$ref":"#/components/schemas/ApiResponseString"}}}}}}},"/api/v1/admin/roles/{roleName}/apis/{apiId}":{"delete":{"tags":["role-api-controller"],"operationId":"removeApiFromRole","parameters":[{"name":"roleName","in":"path","required":true,"schema":{"type":"string"}},{"name":"apiId","in":"path","required":true,"schema":{"type":"string","format":"uuid"}}],"responses":{"200":{"description":"OK","content":{"*/*":{"schema":{"$ref":"#/components/schemas/ApiResponseVoid"}}}}}}}},"components":{"schemas":{"ApiResponseVoid":{"type":"object","properties":{"success":{"type":"boolean"},"message":{"type":"string"},"data":{"type":"object"},"timestamp":{"type":"string","format":"date-time"}}},"RegisterRequest":{"required":["deviceId","email","firstName","lastName","password"],"type":"object","properties":{"email":{"type":"string"},"password":{"type":"string"},"mobile":{"type":"string"},"firstName":{"type":"string"},"lastName":{"type":"string"},"deviceId":{"type":"string"},"deviceName":{"type":"string"}}},"LoginRequest":{"required":["deviceId","password","username"],"type":"object","properties":{"username":{"type":"string"},"password":{"type":"string"},"deviceId":{"type":"string"}}},"ApiResponseAuthResponse":{"type":"object","properties":{"success":{"type":"boolean"},"message":{"type":"string"},"data":{"$ref":"#/components/schemas/AuthResponse"},"timestamp":{"type":"string","format":"date-time"}}},"AuthResponse":{"type":"object","properties":{"accessToken":{"type":"string"},"refreshToken":{"type":"string"},"expiresIn":{"type":"integer","format":"int32"},"refreshExpiresIn":{"type":"integer","format":"int32"},"tokenType":{"type":"string"}}},"DeviceVerificationRequest":{"required":["deviceId","identifier","otp"],"type":"object","properties":{"identifier":{"type":"string"},"deviceId":{"type":"string"},"otp":{"type"
Swagger Response Status: 200 OK
Swagger Response Body: {"openapi":"3.0.1","info":{"title":"Auth Service API","description":"Authentication and Authorization Service Documentation","version":"v1.0.0"},"servers":[{"url":"http://localhost:58658","description":"Generated server url"}],"security":[{"bearerAuth":[]}],"paths":{"/api/v1/session/logout/all":{"post":{"tags":["session-controller"],"operationId":"logoutAll","responses":{"200":{"description":"OK","content":{"*/*":{"schema":{"$ref":"#/components/schemas/ApiResponseVoid"}}}}}}},"/api/v1/auth/register":{"post":{"tags":["auth-controller"],"operationId":"register","requestBody":{"content":{"application/json":{"schema":{"$ref":"#/components/schemas/RegisterRequest"}}},"required":true},"responses":{"200":{"description":"OK","content":{"*/*":{"schema":{"$ref":"#/components/schemas/ApiResponseVoid"}}}}}}},"/api/v1/auth/login":{"post":{"tags":["auth-controller"],"operationId":"login","requestBody":{"content":{"application/json":{"schema":{"$ref":"#/components/schemas/LoginRequest"}}},"required":true},"responses":{"200":{"description":"OK","content":{"*/*":{"schema":{"$ref":"#/components/schemas/ApiResponseAuthResponse"}}}}}}},"/api/v1/auth/device/verify":{"post":{"tags":["auth-controller"],"operationId":"verifyDevice","requestBody":{"content":{"application/json":{"schema":{"$ref":"#/components/schemas/DeviceVerificationRequest"}}},"required":true},"responses":{"200":{"description":"OK","content":{"*/*":{"schema":{"$ref":"#/components/schemas/ApiResponseVoid"}}}}}}},"/api/v1/admin/roles/assign-api":{"post":{"tags":["role-api-controller"],"operationId":"assignApiToRole","requestBody":{"content":{"application/json":{"schema":{"$ref":"#/components/schemas/ApiMappingRequest"}}},"required":true},"responses":{"200":{"description":"OK","content":{"*/*":{"schema":{"$ref":"#/components/schemas/ApiResponseRoleApiMapping"}}}}}}},"/api/v1/admin/roles/api-master":{"get":{"tags":["role-api-controller"],"operationId":"getAllApis","responses":{"200":{"description":"OK","content":{"*/*":{"schema":{"$ref":"#/components/schemas/ApiResponseListApiMaster"}}}}}},"post":{"tags":["role-api-controller"],"operationId":"registerApi","requestBody":{"content":{"application/json":{"schema":{"$ref":"#/components/schemas/ApiMasterRequest"}}},"required":true},"responses":{"200":{"description":"OK","content":{"*/*":{"schema":{"$ref":"#/components/schemas/ApiResponseApiMaster"}}}}}}},"/api/v1/user/profile":{"get":{"tags":["user-controller"],"operationId":"getProfile","responses":{"200":{"description":"OK","content":{"*/*":{"schema":{"$ref":"#/components/schemas/ApiResponseAppUser"}}}}}}},"/api/v1/devices":{"get":{"tags":["device-controller"],"operationId":"getMyDevices","responses":{"200":{"description":"OK","content":{"*/*":{"schema":{"$ref":"#/components/schemas/ApiResponseListRegisteredDevice"}}}}}}},"/api/v1/admin/roles/{roleName}/apis":{"get":{"tags":["role-api-controller"],"operationId":"getRoleApis","parameters":[{"name":"roleName","in":"path","required":true,"schema":{"type":"string"}}],"responses":{"200":{"description":"OK","content":{"*/*":{"schema":{"$ref":"#/components/schemas/ApiResponseListRoleApiMapping"}}}}}}},"/api/v1/admin/dashboard":{"get":{"tags":["admin-controller"],"operationId":"getDashboard","responses":{"200":{"description":"OK","content":{"*/*":{"schema":{"$ref":"#/components/schemas/ApiResponseString"}}}}}}},"/api/v1/admin/roles/{roleName}/apis/{apiId}":{"delete":{"tags":["role-api-controller"],"operationId":"removeApiFromRole","parameters":[{"name":"roleName","in":"path","required":true,"schema":{"type":"string"}},{"name":"apiId","in":"path","required":true,"schema":{"type":"string","format":"uuid"}}],"responses":{"200":{"description":"OK","content":{"*/*":{"schema":{"$ref":"#/components/schemas/ApiResponseVoid"}}}}}}}},"components":{"schemas":{"ApiResponseVoid":{"type":"object","properties":{"success":{"type":"boolean"},"message":{"type":"string"},"data":{"type":"object"},"timestamp":{"type":"string","format":"date-time"}}},"RegisterRequest":{"required":["deviceId","email","firstName","lastName","password"],"type":"object","properties":{"email":{"type":"string"},"password":{"type":"string"},"mobile":{"type":"string"},"firstName":{"type":"string"},"lastName":{"type":"string"},"deviceId":{"type":"string"},"deviceName":{"type":"string"}}},"LoginRequest":{"required":["deviceId","password","username"],"type":"object","properties":{"username":{"type":"string"},"password":{"type":"string"},"deviceId":{"type":"string"}}},"ApiResponseAuthResponse":{"type":"object","properties":{"success":{"type":"boolean"},"message":{"type":"string"},"data":{"$ref":"#/components/schemas/AuthResponse"},"timestamp":{"type":"string","format":"date-time"}}},"AuthResponse":{"type":"object","properties":{"accessToken":{"type":"string"},"refreshToken":{"type":"string"},"expiresIn":{"type":"integer","format":"int32"},"refreshExpiresIn":{"type":"integer","format":"int32"},"tokenType":{"type":"string"}}},"DeviceVerificationRequest":{"required":["deviceId","identifier","otp"],"type":"object","properties":{"identifier":{"type":"string"},"deviceId":{"type":"string"},"otp":{"type":"string"}}},"ApiMappingRequest":{"required":["roleName"],"type":"object","properties":{"roleName":{"type":"string"},"apiId":{"type":"string","format":"uuid"}}},"ApiMaster":{"type":"object","properties":{"id":{"type":"string","format":"uuid"},"method":{"type":"string"},"path":{"type":"string"},"description":{"type":"string"},"createdAt":{"type":"string","format":"date-time"}}},"ApiResponseRoleApiMapping":{"type":"object","properties":{"success":{"type":"boolean"},"message":{"type":"string"},"data":{"$ref":"#/components/schemas/RoleApiMapping"},"timestamp":{"type":"string","format":"date-time"}}},"RoleApiMapping":{"type":"object","properties":{"id":{"type":"string","format":"uuid"},"roleName":{"type":"string"},"apiMaster":{"$ref":"#/components/schemas/ApiMaster"},"createdAt":{"type":"string","format":"date-time"}}},"ApiMasterRequest":{"required":["method","path"],"type":"object","properties":{"method":{"type":"string"},"path":{"type":"string"},"description":{"type":"string"}}},"ApiResponseApiMaster":{"type":"object","properties":{"success":{"type":"boolean"},"message":{"type":"string"},"data":{"$ref":"#/components/schemas/ApiMaster"},"timestamp":{"type":"string","format":"date-time"}}},"ApiResponseAppUser":{"type":"object","properties":{"success":{"type":"boolean"},"message":{"type":"string"},"data":{"$ref":"#/components/schemas/AppUser"},"timestamp":{"type":"string","format":"date-time"}}},"AppUser":{"type":"object","properties":{"id":{"type":"string","format":"uuid"},"keycloakId":{"type":"string"},"email":{"type":"string"},"mobile":{"type":"string"},"status":{"type":"string","enum":["PENDING_VERIFICATION","ACTIVE","INACTIVE","SUSPENDED","DELETED"]},"createdAt":{"type":"string","format":"date-time"},"updatedAt":{"type":"string","format":"date-time"}}},"ApiResponseListRegisteredDevice":{"type":"object","properties":{"success":{"type":"boolean"},"message":{"type":"string"},"data":{"type":"array","items":{"$ref":"#/components/schemas/RegisteredDevice"}},"timestamp":{"type":"string","format":"date-time"}}},"RegisteredDevice":{"type":"object","properties":{"id":{"type":"string","format":"uuid"},"user":{"$ref":"#/components/schemas/AppUser"},"deviceId":{"type":"string"},"deviceName":{"type":"string"},"status":{"type":"string","enum":["PENDING_VERIFICATION","ACTIVE","BLOCKED","LOST","DELETED"]},"isTrusted":{"type":"boolean"},"createdAt":{"type":"string","format":"date-time"},"updatedAt":{"type":"string","format":"date-time"}}},"ApiResponseListRoleApiMapping":{"type":"object","properties":{"success":{"type":"boolean"},"message":{"type":"string"},"data":{"type":"array","items":{"$ref":"#/components/schemas/RoleApiMapping"}},"timestamp":{"type":"string","format":"date-time"}}},"ApiResponseListApiMaster":{"type":"object","properties":{"success":{"type":"boolean"},"message":{"type":"string"},"data":{"type":"array","items":{"$ref":"#/components/schemas/ApiMaster"}},"timestamp":{"type":"string","format":"date-time"}}},"ApiResponseString":{"type":"object","properties":{"success":{"type":"boolean"},"message":{"type":"string"},"data":{"type":"string"},"timestamp":{"type":"string","format":"date-time"}}}},"securitySchemes":{"bearerAuth":{"type":"http","name":"bearerAuth","scheme":"bearer","bearerFormat":"JWT"}}}}
]]></system-out>
    <system-err><![CDATA[Mockito is currently self-attaching to enable the inline-mock-maker. This will no longer work in future releases of the JDK. Please add Mockito as an agent to your build what is described in Mockito's documentation: https://javadoc.io/doc/org.mockito/mockito-core/latest/org/mockito/Mockito.html#0.3
WARNING: A Java agent has been loaded dynamically (/Users/avinashrana/.m2/repository/net/bytebuddy/byte-buddy-agent/1.15.10/byte-buddy-agent-1.15.10.jar)
WARNING: If a serviceability tool is in use, please run with -XX:+EnableDynamicAgentLoading to hide this warning
WARNING: If a serviceability tool is not in use, please run with -Djdk.instrument.traceUsage for more information
WARNING: Dynamic loading of agents will be disallowed by default in a future release
]]></system-err>
  </testcase>
  <testcase name="contextLoads" classname="com.asr.auth.AuthServiceIntegrationTest" time="0.003"/>
</testsuite>